[2024-06-09T10:29:33.362+0000] {processor.py:161} INFO - Started process (PID=161) to work on /opt/airflow/dags/Etl_Dag.py
[2024-06-09T10:29:33.365+0000] {processor.py:830} INFO - Processing file /opt/airflow/dags/Etl_Dag.py for tasks to queue
[2024-06-09T10:29:33.369+0000] {logging_mixin.py:188} INFO - [2024-06-09T10:29:33.368+0000] {dagbag.py:545} INFO - Filling up the DagBag from /opt/airflow/dags/Etl_Dag.py
[2024-06-09T10:29:35.529+0000] {processor.py:840} INFO - DAG(s) 'etl_t1' retrieved from /opt/airflow/dags/Etl_Dag.py
[2024-06-09T10:29:37.192+0000] {logging_mixin.py:188} INFO - [2024-06-09T10:29:37.191+0000] {dag.py:3096} INFO - Sync 1 DAGs
[2024-06-09T10:29:37.620+0000] {logging_mixin.py:188} INFO - [2024-06-09T10:29:37.619+0000] {dag.py:3954} INFO - Setting next_dagrun for etl_t1 to 2024-06-09 00:00:00+00:00, run_after=2024-06-10 00:00:00+00:00
[2024-06-09T10:29:38.417+0000] {processor.py:183} INFO - Processing /opt/airflow/dags/Etl_Dag.py took 5.067 seconds
[2024-06-09T10:30:08.700+0000] {processor.py:161} INFO - Started process (PID=179) to work on /opt/airflow/dags/Etl_Dag.py
[2024-06-09T10:30:08.702+0000] {processor.py:830} INFO - Processing file /opt/airflow/dags/Etl_Dag.py for tasks to queue
[2024-06-09T10:30:08.704+0000] {logging_mixin.py:188} INFO - [2024-06-09T10:30:08.703+0000] {dagbag.py:545} INFO - Filling up the DagBag from /opt/airflow/dags/Etl_Dag.py
[2024-06-09T10:30:09.422+0000] {processor.py:840} INFO - DAG(s) 'etl_t1' retrieved from /opt/airflow/dags/Etl_Dag.py
[2024-06-09T10:30:09.454+0000] {logging_mixin.py:188} INFO - [2024-06-09T10:30:09.454+0000] {dag.py:3096} INFO - Sync 1 DAGs
[2024-06-09T10:30:09.485+0000] {logging_mixin.py:188} INFO - [2024-06-09T10:30:09.485+0000] {dag.py:3954} INFO - Setting next_dagrun for etl_t1 to 2024-06-09 00:00:00+00:00, run_after=2024-06-10 00:00:00+00:00
[2024-06-09T10:30:09.513+0000] {processor.py:183} INFO - Processing /opt/airflow/dags/Etl_Dag.py took 0.822 seconds
[2024-06-09T10:30:39.852+0000] {processor.py:161} INFO - Started process (PID=197) to work on /opt/airflow/dags/Etl_Dag.py
[2024-06-09T10:30:39.853+0000] {processor.py:830} INFO - Processing file /opt/airflow/dags/Etl_Dag.py for tasks to queue
[2024-06-09T10:30:39.855+0000] {logging_mixin.py:188} INFO - [2024-06-09T10:30:39.855+0000] {dagbag.py:545} INFO - Filling up the DagBag from /opt/airflow/dags/Etl_Dag.py
[2024-06-09T10:30:40.790+0000] {processor.py:840} INFO - DAG(s) 'etl_t1' retrieved from /opt/airflow/dags/Etl_Dag.py
[2024-06-09T10:30:40.826+0000] {logging_mixin.py:188} INFO - [2024-06-09T10:30:40.825+0000] {dag.py:3096} INFO - Sync 1 DAGs
[2024-06-09T10:30:40.871+0000] {logging_mixin.py:188} INFO - [2024-06-09T10:30:40.871+0000] {dag.py:3954} INFO - Setting next_dagrun for etl_t1 to 2024-06-09 00:00:00+00:00, run_after=2024-06-10 00:00:00+00:00
[2024-06-09T10:30:40.898+0000] {processor.py:183} INFO - Processing /opt/airflow/dags/Etl_Dag.py took 1.057 seconds
[2024-06-09T10:31:11.145+0000] {processor.py:161} INFO - Started process (PID=221) to work on /opt/airflow/dags/Etl_Dag.py
[2024-06-09T10:31:11.147+0000] {processor.py:830} INFO - Processing file /opt/airflow/dags/Etl_Dag.py for tasks to queue
[2024-06-09T10:31:11.156+0000] {logging_mixin.py:188} INFO - [2024-06-09T10:31:11.151+0000] {dagbag.py:545} INFO - Filling up the DagBag from /opt/airflow/dags/Etl_Dag.py
[2024-06-09T10:31:12.614+0000] {processor.py:840} INFO - DAG(s) 'etl_t1' retrieved from /opt/airflow/dags/Etl_Dag.py
[2024-06-09T10:31:12.657+0000] {logging_mixin.py:188} INFO - [2024-06-09T10:31:12.656+0000] {dag.py:3096} INFO - Sync 1 DAGs
[2024-06-09T10:31:12.683+0000] {logging_mixin.py:188} INFO - [2024-06-09T10:31:12.683+0000] {dag.py:3954} INFO - Setting next_dagrun for etl_t1 to 2024-06-09 00:00:00+00:00, run_after=2024-06-10 00:00:00+00:00
[2024-06-09T10:31:12.708+0000] {processor.py:183} INFO - Processing /opt/airflow/dags/Etl_Dag.py took 1.578 seconds
[2024-06-09T10:31:42.983+0000] {processor.py:161} INFO - Started process (PID=239) to work on /opt/airflow/dags/Etl_Dag.py
[2024-06-09T10:31:42.984+0000] {processor.py:830} INFO - Processing file /opt/airflow/dags/Etl_Dag.py for tasks to queue
[2024-06-09T10:31:42.987+0000] {logging_mixin.py:188} INFO - [2024-06-09T10:31:42.986+0000] {dagbag.py:545} INFO - Filling up the DagBag from /opt/airflow/dags/Etl_Dag.py
[2024-06-09T10:31:44.020+0000] {processor.py:840} INFO - DAG(s) 'etl_t1' retrieved from /opt/airflow/dags/Etl_Dag.py
[2024-06-09T10:31:44.203+0000] {logging_mixin.py:188} INFO - [2024-06-09T10:31:44.203+0000] {dag.py:3096} INFO - Sync 1 DAGs
[2024-06-09T10:31:44.225+0000] {logging_mixin.py:188} INFO - [2024-06-09T10:31:44.224+0000] {dag.py:3118} INFO - Creating ORM DAG for etl_t1
[2024-06-09T10:31:44.244+0000] {logging_mixin.py:188} INFO - [2024-06-09T10:31:44.244+0000] {dag.py:3954} INFO - Setting next_dagrun for etl_t1 to 2024-06-09 00:00:00+00:00, run_after=2024-06-10 00:00:00+00:00
[2024-06-09T10:31:44.273+0000] {processor.py:183} INFO - Processing /opt/airflow/dags/Etl_Dag.py took 1.301 seconds
[2024-06-09T10:32:14.888+0000] {processor.py:161} INFO - Started process (PID=257) to work on /opt/airflow/dags/Etl_Dag.py
[2024-06-09T10:32:14.896+0000] {processor.py:830} INFO - Processing file /opt/airflow/dags/Etl_Dag.py for tasks to queue
[2024-06-09T10:32:14.899+0000] {logging_mixin.py:188} INFO - [2024-06-09T10:32:14.898+0000] {dagbag.py:545} INFO - Filling up the DagBag from /opt/airflow/dags/Etl_Dag.py
[2024-06-09T10:32:17.434+0000] {processor.py:840} INFO - DAG(s) 'etl_t1' retrieved from /opt/airflow/dags/Etl_Dag.py
[2024-06-09T10:32:17.539+0000] {logging_mixin.py:188} INFO - [2024-06-09T10:32:17.538+0000] {dag.py:3096} INFO - Sync 1 DAGs
[2024-06-09T10:32:17.635+0000] {logging_mixin.py:188} INFO - [2024-06-09T10:32:17.635+0000] {dag.py:3954} INFO - Setting next_dagrun for etl_t1 to 2024-06-09 00:00:00+00:00, run_after=2024-06-10 00:00:00+00:00
[2024-06-09T10:32:17.733+0000] {processor.py:183} INFO - Processing /opt/airflow/dags/Etl_Dag.py took 2.865 seconds
[2024-06-09T10:32:48.700+0000] {processor.py:161} INFO - Started process (PID=280) to work on /opt/airflow/dags/Etl_Dag.py
[2024-06-09T10:32:48.702+0000] {processor.py:830} INFO - Processing file /opt/airflow/dags/Etl_Dag.py for tasks to queue
[2024-06-09T10:32:48.715+0000] {logging_mixin.py:188} INFO - [2024-06-09T10:32:48.714+0000] {dagbag.py:545} INFO - Filling up the DagBag from /opt/airflow/dags/Etl_Dag.py
[2024-06-09T10:32:51.545+0000] {processor.py:840} INFO - DAG(s) 'etl_t1' retrieved from /opt/airflow/dags/Etl_Dag.py
[2024-06-09T10:32:51.636+0000] {logging_mixin.py:188} INFO - [2024-06-09T10:32:51.635+0000] {dag.py:3096} INFO - Sync 1 DAGs
[2024-06-09T10:32:51.744+0000] {logging_mixin.py:188} INFO - [2024-06-09T10:32:51.743+0000] {dag.py:3954} INFO - Setting next_dagrun for etl_t1 to 2024-06-09 00:00:00+00:00, run_after=2024-06-10 00:00:00+00:00
[2024-06-09T10:32:51.833+0000] {processor.py:183} INFO - Processing /opt/airflow/dags/Etl_Dag.py took 3.146 seconds
[2024-06-09T10:33:22.091+0000] {processor.py:161} INFO - Started process (PID=300) to work on /opt/airflow/dags/Etl_Dag.py
[2024-06-09T10:33:22.093+0000] {processor.py:830} INFO - Processing file /opt/airflow/dags/Etl_Dag.py for tasks to queue
[2024-06-09T10:33:22.095+0000] {logging_mixin.py:188} INFO - [2024-06-09T10:33:22.095+0000] {dagbag.py:545} INFO - Filling up the DagBag from /opt/airflow/dags/Etl_Dag.py
[2024-06-09T10:33:22.926+0000] {processor.py:840} INFO - DAG(s) 'etl_t1' retrieved from /opt/airflow/dags/Etl_Dag.py
[2024-06-09T10:33:22.980+0000] {logging_mixin.py:188} INFO - [2024-06-09T10:33:22.979+0000] {dag.py:3096} INFO - Sync 1 DAGs
[2024-06-09T10:33:23.025+0000] {logging_mixin.py:188} INFO - [2024-06-09T10:33:23.025+0000] {dag.py:3954} INFO - Setting next_dagrun for etl_t1 to 2024-06-09 00:00:00+00:00, run_after=2024-06-10 00:00:00+00:00
[2024-06-09T10:33:23.064+0000] {processor.py:183} INFO - Processing /opt/airflow/dags/Etl_Dag.py took 0.982 seconds
[2024-06-09T10:33:53.482+0000] {processor.py:161} INFO - Started process (PID=316) to work on /opt/airflow/dags/Etl_Dag.py
[2024-06-09T10:33:53.484+0000] {processor.py:830} INFO - Processing file /opt/airflow/dags/Etl_Dag.py for tasks to queue
[2024-06-09T10:33:53.487+0000] {logging_mixin.py:188} INFO - [2024-06-09T10:33:53.486+0000] {dagbag.py:545} INFO - Filling up the DagBag from /opt/airflow/dags/Etl_Dag.py
[2024-06-09T10:33:54.740+0000] {processor.py:840} INFO - DAG(s) 'etl_t1' retrieved from /opt/airflow/dags/Etl_Dag.py
[2024-06-09T10:33:54.789+0000] {logging_mixin.py:188} INFO - [2024-06-09T10:33:54.789+0000] {dag.py:3096} INFO - Sync 1 DAGs
[2024-06-09T10:33:54.827+0000] {logging_mixin.py:188} INFO - [2024-06-09T10:33:54.827+0000] {dag.py:3954} INFO - Setting next_dagrun for etl_t1 to 2024-06-09 00:00:00+00:00, run_after=2024-06-10 00:00:00+00:00
[2024-06-09T10:33:54.852+0000] {processor.py:183} INFO - Processing /opt/airflow/dags/Etl_Dag.py took 1.385 seconds
[2024-06-09T10:34:25.254+0000] {processor.py:161} INFO - Started process (PID=333) to work on /opt/airflow/dags/Etl_Dag.py
[2024-06-09T10:34:25.256+0000] {processor.py:830} INFO - Processing file /opt/airflow/dags/Etl_Dag.py for tasks to queue
[2024-06-09T10:34:25.259+0000] {logging_mixin.py:188} INFO - [2024-06-09T10:34:25.258+0000] {dagbag.py:545} INFO - Filling up the DagBag from /opt/airflow/dags/Etl_Dag.py
[2024-06-09T10:34:26.151+0000] {processor.py:840} INFO - DAG(s) 'etl_t1' retrieved from /opt/airflow/dags/Etl_Dag.py
[2024-06-09T10:34:26.178+0000] {logging_mixin.py:188} INFO - [2024-06-09T10:34:26.178+0000] {dag.py:3096} INFO - Sync 1 DAGs
[2024-06-09T10:34:26.204+0000] {logging_mixin.py:188} INFO - [2024-06-09T10:34:26.203+0000] {dag.py:3954} INFO - Setting next_dagrun for etl_t1 to 2024-06-09 00:00:00+00:00, run_after=2024-06-10 00:00:00+00:00
[2024-06-09T10:34:26.227+0000] {processor.py:183} INFO - Processing /opt/airflow/dags/Etl_Dag.py took 1.005 seconds
[2024-06-09T10:34:56.619+0000] {processor.py:161} INFO - Started process (PID=348) to work on /opt/airflow/dags/Etl_Dag.py
[2024-06-09T10:34:56.624+0000] {processor.py:830} INFO - Processing file /opt/airflow/dags/Etl_Dag.py for tasks to queue
[2024-06-09T10:34:56.628+0000] {logging_mixin.py:188} INFO - [2024-06-09T10:34:56.627+0000] {dagbag.py:545} INFO - Filling up the DagBag from /opt/airflow/dags/Etl_Dag.py
[2024-06-09T10:34:57.475+0000] {processor.py:840} INFO - DAG(s) 'etl_t1' retrieved from /opt/airflow/dags/Etl_Dag.py
[2024-06-09T10:34:57.511+0000] {logging_mixin.py:188} INFO - [2024-06-09T10:34:57.510+0000] {dag.py:3096} INFO - Sync 1 DAGs
[2024-06-09T10:34:57.542+0000] {logging_mixin.py:188} INFO - [2024-06-09T10:34:57.542+0000] {dag.py:3954} INFO - Setting next_dagrun for etl_t1 to 2024-06-09 00:00:00+00:00, run_after=2024-06-10 00:00:00+00:00
[2024-06-09T10:34:57.571+0000] {processor.py:183} INFO - Processing /opt/airflow/dags/Etl_Dag.py took 0.965 seconds
[2024-06-09T10:35:27.987+0000] {processor.py:161} INFO - Started process (PID=366) to work on /opt/airflow/dags/Etl_Dag.py
[2024-06-09T10:35:27.989+0000] {processor.py:830} INFO - Processing file /opt/airflow/dags/Etl_Dag.py for tasks to queue
[2024-06-09T10:35:27.992+0000] {logging_mixin.py:188} INFO - [2024-06-09T10:35:27.991+0000] {dagbag.py:545} INFO - Filling up the DagBag from /opt/airflow/dags/Etl_Dag.py
[2024-06-09T10:35:28.661+0000] {processor.py:840} INFO - DAG(s) 'etl_t1' retrieved from /opt/airflow/dags/Etl_Dag.py
[2024-06-09T10:35:28.692+0000] {logging_mixin.py:188} INFO - [2024-06-09T10:35:28.692+0000] {dag.py:3096} INFO - Sync 1 DAGs
[2024-06-09T10:35:28.721+0000] {logging_mixin.py:188} INFO - [2024-06-09T10:35:28.720+0000] {dag.py:3954} INFO - Setting next_dagrun for etl_t1 to 2024-06-09 00:00:00+00:00, run_after=2024-06-10 00:00:00+00:00
[2024-06-09T10:35:28.748+0000] {processor.py:183} INFO - Processing /opt/airflow/dags/Etl_Dag.py took 0.771 seconds
[2024-06-09T10:35:59.128+0000] {processor.py:161} INFO - Started process (PID=384) to work on /opt/airflow/dags/Etl_Dag.py
[2024-06-09T10:35:59.129+0000] {processor.py:830} INFO - Processing file /opt/airflow/dags/Etl_Dag.py for tasks to queue
[2024-06-09T10:35:59.132+0000] {logging_mixin.py:188} INFO - [2024-06-09T10:35:59.132+0000] {dagbag.py:545} INFO - Filling up the DagBag from /opt/airflow/dags/Etl_Dag.py
[2024-06-09T10:35:59.751+0000] {processor.py:840} INFO - DAG(s) 'etl_t1' retrieved from /opt/airflow/dags/Etl_Dag.py
[2024-06-09T10:35:59.781+0000] {logging_mixin.py:188} INFO - [2024-06-09T10:35:59.780+0000] {dag.py:3096} INFO - Sync 1 DAGs
[2024-06-09T10:35:59.812+0000] {logging_mixin.py:188} INFO - [2024-06-09T10:35:59.812+0000] {dag.py:3954} INFO - Setting next_dagrun for etl_t1 to 2024-06-09 00:00:00+00:00, run_after=2024-06-10 00:00:00+00:00
[2024-06-09T10:35:59.837+0000] {processor.py:183} INFO - Processing /opt/airflow/dags/Etl_Dag.py took 0.719 seconds
[2024-06-09T10:36:30.293+0000] {processor.py:161} INFO - Started process (PID=401) to work on /opt/airflow/dags/Etl_Dag.py
[2024-06-09T10:36:30.294+0000] {processor.py:830} INFO - Processing file /opt/airflow/dags/Etl_Dag.py for tasks to queue
[2024-06-09T10:36:30.296+0000] {logging_mixin.py:188} INFO - [2024-06-09T10:36:30.296+0000] {dagbag.py:545} INFO - Filling up the DagBag from /opt/airflow/dags/Etl_Dag.py
[2024-06-09T10:36:30.950+0000] {processor.py:840} INFO - DAG(s) 'etl_t1' retrieved from /opt/airflow/dags/Etl_Dag.py
[2024-06-09T10:36:30.984+0000] {logging_mixin.py:188} INFO - [2024-06-09T10:36:30.984+0000] {dag.py:3096} INFO - Sync 1 DAGs
[2024-06-09T10:36:31.016+0000] {logging_mixin.py:188} INFO - [2024-06-09T10:36:31.015+0000] {dag.py:3954} INFO - Setting next_dagrun for etl_t1 to 2024-06-09 00:00:00+00:00, run_after=2024-06-10 00:00:00+00:00
[2024-06-09T10:36:31.045+0000] {processor.py:183} INFO - Processing /opt/airflow/dags/Etl_Dag.py took 0.761 seconds
[2024-06-09T10:37:01.500+0000] {processor.py:161} INFO - Started process (PID=419) to work on /opt/airflow/dags/Etl_Dag.py
[2024-06-09T10:37:01.501+0000] {processor.py:830} INFO - Processing file /opt/airflow/dags/Etl_Dag.py for tasks to queue
[2024-06-09T10:37:01.503+0000] {logging_mixin.py:188} INFO - [2024-06-09T10:37:01.503+0000] {dagbag.py:545} INFO - Filling up the DagBag from /opt/airflow/dags/Etl_Dag.py
[2024-06-09T10:37:02.168+0000] {processor.py:840} INFO - DAG(s) 'etl_t1' retrieved from /opt/airflow/dags/Etl_Dag.py
[2024-06-09T10:37:02.199+0000] {logging_mixin.py:188} INFO - [2024-06-09T10:37:02.198+0000] {dag.py:3096} INFO - Sync 1 DAGs
[2024-06-09T10:37:02.227+0000] {logging_mixin.py:188} INFO - [2024-06-09T10:37:02.227+0000] {dag.py:3954} INFO - Setting next_dagrun for etl_t1 to 2024-06-09 00:00:00+00:00, run_after=2024-06-10 00:00:00+00:00
[2024-06-09T10:37:02.248+0000] {processor.py:183} INFO - Processing /opt/airflow/dags/Etl_Dag.py took 0.758 seconds
[2024-06-09T10:37:32.615+0000] {processor.py:161} INFO - Started process (PID=437) to work on /opt/airflow/dags/Etl_Dag.py
[2024-06-09T10:37:32.616+0000] {processor.py:830} INFO - Processing file /opt/airflow/dags/Etl_Dag.py for tasks to queue
[2024-06-09T10:37:32.618+0000] {logging_mixin.py:188} INFO - [2024-06-09T10:37:32.618+0000] {dagbag.py:545} INFO - Filling up the DagBag from /opt/airflow/dags/Etl_Dag.py
[2024-06-09T10:37:33.291+0000] {processor.py:840} INFO - DAG(s) 'etl_t1' retrieved from /opt/airflow/dags/Etl_Dag.py
[2024-06-09T10:37:33.317+0000] {logging_mixin.py:188} INFO - [2024-06-09T10:37:33.316+0000] {dag.py:3096} INFO - Sync 1 DAGs
[2024-06-09T10:37:33.346+0000] {logging_mixin.py:188} INFO - [2024-06-09T10:37:33.345+0000] {dag.py:3954} INFO - Setting next_dagrun for etl_t1 to 2024-06-09 00:00:00+00:00, run_after=2024-06-10 00:00:00+00:00
[2024-06-09T10:37:33.369+0000] {processor.py:183} INFO - Processing /opt/airflow/dags/Etl_Dag.py took 0.762 seconds
[2024-06-09T10:38:03.779+0000] {processor.py:161} INFO - Started process (PID=455) to work on /opt/airflow/dags/Etl_Dag.py
[2024-06-09T10:38:03.780+0000] {processor.py:830} INFO - Processing file /opt/airflow/dags/Etl_Dag.py for tasks to queue
[2024-06-09T10:38:03.782+0000] {logging_mixin.py:188} INFO - [2024-06-09T10:38:03.782+0000] {dagbag.py:545} INFO - Filling up the DagBag from /opt/airflow/dags/Etl_Dag.py
[2024-06-09T10:38:04.655+0000] {processor.py:840} INFO - DAG(s) 'etl_t1' retrieved from /opt/airflow/dags/Etl_Dag.py
[2024-06-09T10:38:04.686+0000] {logging_mixin.py:188} INFO - [2024-06-09T10:38:04.686+0000] {dag.py:3096} INFO - Sync 1 DAGs
[2024-06-09T10:38:04.716+0000] {logging_mixin.py:188} INFO - [2024-06-09T10:38:04.715+0000] {dag.py:3954} INFO - Setting next_dagrun for etl_t1 to 2024-06-09 00:00:00+00:00, run_after=2024-06-10 00:00:00+00:00
[2024-06-09T10:38:04.741+0000] {processor.py:183} INFO - Processing /opt/airflow/dags/Etl_Dag.py took 0.973 seconds
[2024-06-09T10:38:35.130+0000] {processor.py:161} INFO - Started process (PID=473) to work on /opt/airflow/dags/Etl_Dag.py
[2024-06-09T10:38:35.132+0000] {processor.py:830} INFO - Processing file /opt/airflow/dags/Etl_Dag.py for tasks to queue
[2024-06-09T10:38:35.135+0000] {logging_mixin.py:188} INFO - [2024-06-09T10:38:35.134+0000] {dagbag.py:545} INFO - Filling up the DagBag from /opt/airflow/dags/Etl_Dag.py
[2024-06-09T10:38:35.910+0000] {processor.py:840} INFO - DAG(s) 'etl_t1' retrieved from /opt/airflow/dags/Etl_Dag.py
[2024-06-09T10:38:35.936+0000] {logging_mixin.py:188} INFO - [2024-06-09T10:38:35.935+0000] {dag.py:3096} INFO - Sync 1 DAGs
[2024-06-09T10:38:35.964+0000] {logging_mixin.py:188} INFO - [2024-06-09T10:38:35.964+0000] {dag.py:3954} INFO - Setting next_dagrun for etl_t1 to 2024-06-09 00:00:00+00:00, run_after=2024-06-10 00:00:00+00:00
[2024-06-09T10:38:35.989+0000] {processor.py:183} INFO - Processing /opt/airflow/dags/Etl_Dag.py took 0.868 seconds
[2024-06-09T10:39:06.392+0000] {processor.py:161} INFO - Started process (PID=491) to work on /opt/airflow/dags/Etl_Dag.py
[2024-06-09T10:39:06.393+0000] {processor.py:830} INFO - Processing file /opt/airflow/dags/Etl_Dag.py for tasks to queue
[2024-06-09T10:39:06.396+0000] {logging_mixin.py:188} INFO - [2024-06-09T10:39:06.396+0000] {dagbag.py:545} INFO - Filling up the DagBag from /opt/airflow/dags/Etl_Dag.py
[2024-06-09T10:39:07.427+0000] {processor.py:840} INFO - DAG(s) 'etl_t1' retrieved from /opt/airflow/dags/Etl_Dag.py
[2024-06-09T10:39:07.461+0000] {logging_mixin.py:188} INFO - [2024-06-09T10:39:07.461+0000] {dag.py:3096} INFO - Sync 1 DAGs
[2024-06-09T10:39:07.492+0000] {logging_mixin.py:188} INFO - [2024-06-09T10:39:07.492+0000] {dag.py:3954} INFO - Setting next_dagrun for etl_t1 to 2024-06-09 00:00:00+00:00, run_after=2024-06-10 00:00:00+00:00
[2024-06-09T10:39:07.513+0000] {processor.py:183} INFO - Processing /opt/airflow/dags/Etl_Dag.py took 1.131 seconds
[2024-06-09T10:39:38.119+0000] {processor.py:161} INFO - Started process (PID=510) to work on /opt/airflow/dags/Etl_Dag.py
[2024-06-09T10:39:38.120+0000] {processor.py:830} INFO - Processing file /opt/airflow/dags/Etl_Dag.py for tasks to queue
[2024-06-09T10:39:38.124+0000] {logging_mixin.py:188} INFO - [2024-06-09T10:39:38.123+0000] {dagbag.py:545} INFO - Filling up the DagBag from /opt/airflow/dags/Etl_Dag.py
[2024-06-09T10:39:39.233+0000] {processor.py:840} INFO - DAG(s) 'etl_t1' retrieved from /opt/airflow/dags/Etl_Dag.py
[2024-06-09T10:39:39.273+0000] {logging_mixin.py:188} INFO - [2024-06-09T10:39:39.271+0000] {dag.py:3096} INFO - Sync 1 DAGs
[2024-06-09T10:39:39.356+0000] {logging_mixin.py:188} INFO - [2024-06-09T10:39:39.356+0000] {dag.py:3954} INFO - Setting next_dagrun for etl_t1 to 2024-06-09 00:00:00+00:00, run_after=2024-06-10 00:00:00+00:00
[2024-06-09T10:39:39.472+0000] {processor.py:183} INFO - Processing /opt/airflow/dags/Etl_Dag.py took 1.361 seconds
[2024-06-09T10:39:55.099+0000] {processor.py:161} INFO - Started process (PID=528) to work on /opt/airflow/dags/Etl_Dag.py
[2024-06-09T10:39:55.115+0000] {processor.py:830} INFO - Processing file /opt/airflow/dags/Etl_Dag.py for tasks to queue
[2024-06-09T10:39:55.118+0000] {logging_mixin.py:188} INFO - [2024-06-09T10:39:55.118+0000] {dagbag.py:545} INFO - Filling up the DagBag from /opt/airflow/dags/Etl_Dag.py
[2024-06-09T10:39:59.380+0000] {processor.py:840} INFO - DAG(s) 'etl_t1' retrieved from /opt/airflow/dags/Etl_Dag.py
[2024-06-09T10:39:59.874+0000] {logging_mixin.py:188} INFO - [2024-06-09T10:39:59.873+0000] {dag.py:3096} INFO - Sync 1 DAGs
[2024-06-09T10:39:59.959+0000] {logging_mixin.py:188} INFO - [2024-06-09T10:39:59.958+0000] {dag.py:3954} INFO - Setting next_dagrun for etl_t1 to 2024-06-09 00:00:00+00:00, run_after=2024-06-10 00:00:00+00:00
[2024-06-09T10:40:00.194+0000] {processor.py:183} INFO - Processing /opt/airflow/dags/Etl_Dag.py took 5.106 seconds
[2024-06-09T10:40:30.351+0000] {processor.py:161} INFO - Started process (PID=545) to work on /opt/airflow/dags/Etl_Dag.py
[2024-06-09T10:40:30.353+0000] {processor.py:830} INFO - Processing file /opt/airflow/dags/Etl_Dag.py for tasks to queue
[2024-06-09T10:40:30.355+0000] {logging_mixin.py:188} INFO - [2024-06-09T10:40:30.354+0000] {dagbag.py:545} INFO - Filling up the DagBag from /opt/airflow/dags/Etl_Dag.py
[2024-06-09T10:40:31.006+0000] {processor.py:840} INFO - DAG(s) 'etl_t1' retrieved from /opt/airflow/dags/Etl_Dag.py
[2024-06-09T10:40:31.034+0000] {logging_mixin.py:188} INFO - [2024-06-09T10:40:31.033+0000] {dag.py:3096} INFO - Sync 1 DAGs
[2024-06-09T10:40:31.059+0000] {logging_mixin.py:188} INFO - [2024-06-09T10:40:31.058+0000] {dag.py:3954} INFO - Setting next_dagrun for etl_t1 to 2024-06-09 00:00:00+00:00, run_after=2024-06-10 00:00:00+00:00
[2024-06-09T10:40:31.083+0000] {processor.py:183} INFO - Processing /opt/airflow/dags/Etl_Dag.py took 0.739 seconds
[2024-06-09T10:41:01.269+0000] {processor.py:161} INFO - Started process (PID=563) to work on /opt/airflow/dags/Etl_Dag.py
[2024-06-09T10:41:01.271+0000] {processor.py:830} INFO - Processing file /opt/airflow/dags/Etl_Dag.py for tasks to queue
[2024-06-09T10:41:01.273+0000] {logging_mixin.py:188} INFO - [2024-06-09T10:41:01.273+0000] {dagbag.py:545} INFO - Filling up the DagBag from /opt/airflow/dags/Etl_Dag.py
[2024-06-09T10:41:01.886+0000] {processor.py:840} INFO - DAG(s) 'etl_t1' retrieved from /opt/airflow/dags/Etl_Dag.py
[2024-06-09T10:41:01.912+0000] {logging_mixin.py:188} INFO - [2024-06-09T10:41:01.911+0000] {dag.py:3096} INFO - Sync 1 DAGs
[2024-06-09T10:41:01.937+0000] {logging_mixin.py:188} INFO - [2024-06-09T10:41:01.937+0000] {dag.py:3954} INFO - Setting next_dagrun for etl_t1 to 2024-06-09 00:00:00+00:00, run_after=2024-06-10 00:00:00+00:00
[2024-06-09T10:41:01.962+0000] {processor.py:183} INFO - Processing /opt/airflow/dags/Etl_Dag.py took 0.699 seconds
[2024-06-09T10:41:32.297+0000] {processor.py:161} INFO - Started process (PID=581) to work on /opt/airflow/dags/Etl_Dag.py
[2024-06-09T10:41:32.298+0000] {processor.py:830} INFO - Processing file /opt/airflow/dags/Etl_Dag.py for tasks to queue
[2024-06-09T10:41:32.301+0000] {logging_mixin.py:188} INFO - [2024-06-09T10:41:32.300+0000] {dagbag.py:545} INFO - Filling up the DagBag from /opt/airflow/dags/Etl_Dag.py
[2024-06-09T10:41:33.292+0000] {processor.py:840} INFO - DAG(s) 'etl_t1' retrieved from /opt/airflow/dags/Etl_Dag.py
[2024-06-09T10:41:33.323+0000] {logging_mixin.py:188} INFO - [2024-06-09T10:41:33.323+0000] {dag.py:3096} INFO - Sync 1 DAGs
[2024-06-09T10:41:33.356+0000] {logging_mixin.py:188} INFO - [2024-06-09T10:41:33.356+0000] {dag.py:3954} INFO - Setting next_dagrun for etl_t1 to 2024-06-09 00:00:00+00:00, run_after=2024-06-10 00:00:00+00:00
[2024-06-09T10:41:33.382+0000] {processor.py:183} INFO - Processing /opt/airflow/dags/Etl_Dag.py took 1.091 seconds
[2024-06-09T10:42:03.768+0000] {processor.py:161} INFO - Started process (PID=599) to work on /opt/airflow/dags/Etl_Dag.py
[2024-06-09T10:42:03.769+0000] {processor.py:830} INFO - Processing file /opt/airflow/dags/Etl_Dag.py for tasks to queue
[2024-06-09T10:42:03.772+0000] {logging_mixin.py:188} INFO - [2024-06-09T10:42:03.771+0000] {dagbag.py:545} INFO - Filling up the DagBag from /opt/airflow/dags/Etl_Dag.py
[2024-06-09T10:42:04.624+0000] {processor.py:840} INFO - DAG(s) 'etl_t1' retrieved from /opt/airflow/dags/Etl_Dag.py
[2024-06-09T10:42:04.705+0000] {logging_mixin.py:188} INFO - [2024-06-09T10:42:04.699+0000] {dag.py:3096} INFO - Sync 1 DAGs
[2024-06-09T10:42:04.796+0000] {logging_mixin.py:188} INFO - [2024-06-09T10:42:04.795+0000] {dag.py:3954} INFO - Setting next_dagrun for etl_t1 to 2024-06-09 00:00:00+00:00, run_after=2024-06-10 00:00:00+00:00
[2024-06-09T10:42:04.861+0000] {processor.py:183} INFO - Processing /opt/airflow/dags/Etl_Dag.py took 1.100 seconds
[2024-06-09T10:42:35.166+0000] {processor.py:161} INFO - Started process (PID=617) to work on /opt/airflow/dags/Etl_Dag.py
[2024-06-09T10:42:35.167+0000] {processor.py:830} INFO - Processing file /opt/airflow/dags/Etl_Dag.py for tasks to queue
[2024-06-09T10:42:35.170+0000] {logging_mixin.py:188} INFO - [2024-06-09T10:42:35.170+0000] {dagbag.py:545} INFO - Filling up the DagBag from /opt/airflow/dags/Etl_Dag.py
[2024-06-09T10:42:35.849+0000] {processor.py:840} INFO - DAG(s) 'etl_t1' retrieved from /opt/airflow/dags/Etl_Dag.py
[2024-06-09T10:42:35.879+0000] {logging_mixin.py:188} INFO - [2024-06-09T10:42:35.878+0000] {dag.py:3096} INFO - Sync 1 DAGs
[2024-06-09T10:42:35.906+0000] {logging_mixin.py:188} INFO - [2024-06-09T10:42:35.906+0000] {dag.py:3954} INFO - Setting next_dagrun for etl_t1 to 2024-06-09 00:00:00+00:00, run_after=2024-06-10 00:00:00+00:00
[2024-06-09T10:42:35.936+0000] {processor.py:183} INFO - Processing /opt/airflow/dags/Etl_Dag.py took 0.777 seconds
[2024-06-09T10:43:06.250+0000] {processor.py:161} INFO - Started process (PID=635) to work on /opt/airflow/dags/Etl_Dag.py
[2024-06-09T10:43:06.252+0000] {processor.py:830} INFO - Processing file /opt/airflow/dags/Etl_Dag.py for tasks to queue
[2024-06-09T10:43:06.254+0000] {logging_mixin.py:188} INFO - [2024-06-09T10:43:06.253+0000] {dagbag.py:545} INFO - Filling up the DagBag from /opt/airflow/dags/Etl_Dag.py
[2024-06-09T10:43:06.850+0000] {processor.py:840} INFO - DAG(s) 'etl_t1' retrieved from /opt/airflow/dags/Etl_Dag.py
[2024-06-09T10:43:06.880+0000] {logging_mixin.py:188} INFO - [2024-06-09T10:43:06.880+0000] {dag.py:3096} INFO - Sync 1 DAGs
[2024-06-09T10:43:06.908+0000] {logging_mixin.py:188} INFO - [2024-06-09T10:43:06.908+0000] {dag.py:3954} INFO - Setting next_dagrun for etl_t1 to 2024-06-09 00:00:00+00:00, run_after=2024-06-10 00:00:00+00:00
[2024-06-09T10:43:06.932+0000] {processor.py:183} INFO - Processing /opt/airflow/dags/Etl_Dag.py took 0.688 seconds
[2024-06-09T10:43:37.146+0000] {processor.py:161} INFO - Started process (PID=653) to work on /opt/airflow/dags/Etl_Dag.py
[2024-06-09T10:43:37.148+0000] {processor.py:830} INFO - Processing file /opt/airflow/dags/Etl_Dag.py for tasks to queue
[2024-06-09T10:43:37.151+0000] {logging_mixin.py:188} INFO - [2024-06-09T10:43:37.150+0000] {dagbag.py:545} INFO - Filling up the DagBag from /opt/airflow/dags/Etl_Dag.py
[2024-06-09T10:43:38.060+0000] {processor.py:840} INFO - DAG(s) 'etl_t1' retrieved from /opt/airflow/dags/Etl_Dag.py
[2024-06-09T10:43:38.093+0000] {logging_mixin.py:188} INFO - [2024-06-09T10:43:38.093+0000] {dag.py:3096} INFO - Sync 1 DAGs
[2024-06-09T10:43:38.123+0000] {logging_mixin.py:188} INFO - [2024-06-09T10:43:38.123+0000] {dag.py:3954} INFO - Setting next_dagrun for etl_t1 to 2024-06-09 00:00:00+00:00, run_after=2024-06-10 00:00:00+00:00
[2024-06-09T10:43:38.148+0000] {processor.py:183} INFO - Processing /opt/airflow/dags/Etl_Dag.py took 1.017 seconds
[2024-06-09T10:44:08.473+0000] {processor.py:161} INFO - Started process (PID=671) to work on /opt/airflow/dags/Etl_Dag.py
[2024-06-09T10:44:08.475+0000] {processor.py:830} INFO - Processing file /opt/airflow/dags/Etl_Dag.py for tasks to queue
[2024-06-09T10:44:08.477+0000] {logging_mixin.py:188} INFO - [2024-06-09T10:44:08.476+0000] {dagbag.py:545} INFO - Filling up the DagBag from /opt/airflow/dags/Etl_Dag.py
[2024-06-09T10:44:09.108+0000] {processor.py:840} INFO - DAG(s) 'etl_t1' retrieved from /opt/airflow/dags/Etl_Dag.py
[2024-06-09T10:44:09.138+0000] {logging_mixin.py:188} INFO - [2024-06-09T10:44:09.138+0000] {dag.py:3096} INFO - Sync 1 DAGs
[2024-06-09T10:44:09.162+0000] {logging_mixin.py:188} INFO - [2024-06-09T10:44:09.162+0000] {dag.py:3954} INFO - Setting next_dagrun for etl_t1 to 2024-06-09 00:00:00+00:00, run_after=2024-06-10 00:00:00+00:00
[2024-06-09T10:44:09.188+0000] {processor.py:183} INFO - Processing /opt/airflow/dags/Etl_Dag.py took 0.724 seconds
[2024-06-09T10:44:39.376+0000] {processor.py:161} INFO - Started process (PID=689) to work on /opt/airflow/dags/Etl_Dag.py
[2024-06-09T10:44:39.377+0000] {processor.py:830} INFO - Processing file /opt/airflow/dags/Etl_Dag.py for tasks to queue
[2024-06-09T10:44:39.380+0000] {logging_mixin.py:188} INFO - [2024-06-09T10:44:39.380+0000] {dagbag.py:545} INFO - Filling up the DagBag from /opt/airflow/dags/Etl_Dag.py
[2024-06-09T10:44:40.006+0000] {processor.py:840} INFO - DAG(s) 'etl_t1' retrieved from /opt/airflow/dags/Etl_Dag.py
[2024-06-09T10:44:40.037+0000] {logging_mixin.py:188} INFO - [2024-06-09T10:44:40.037+0000] {dag.py:3096} INFO - Sync 1 DAGs
[2024-06-09T10:44:40.067+0000] {logging_mixin.py:188} INFO - [2024-06-09T10:44:40.067+0000] {dag.py:3954} INFO - Setting next_dagrun for etl_t1 to 2024-06-09 00:00:00+00:00, run_after=2024-06-10 00:00:00+00:00
[2024-06-09T10:44:40.092+0000] {processor.py:183} INFO - Processing /opt/airflow/dags/Etl_Dag.py took 0.724 seconds
[2024-06-09T10:45:10.771+0000] {processor.py:161} INFO - Started process (PID=707) to work on /opt/airflow/dags/Etl_Dag.py
[2024-06-09T10:45:10.773+0000] {processor.py:830} INFO - Processing file /opt/airflow/dags/Etl_Dag.py for tasks to queue
[2024-06-09T10:45:10.783+0000] {logging_mixin.py:188} INFO - [2024-06-09T10:45:10.782+0000] {dagbag.py:545} INFO - Filling up the DagBag from /opt/airflow/dags/Etl_Dag.py
[2024-06-09T10:45:11.667+0000] {processor.py:840} INFO - DAG(s) 'etl_t1' retrieved from /opt/airflow/dags/Etl_Dag.py
[2024-06-09T10:45:11.733+0000] {logging_mixin.py:188} INFO - [2024-06-09T10:45:11.732+0000] {dag.py:3096} INFO - Sync 1 DAGs
[2024-06-09T10:45:11.778+0000] {logging_mixin.py:188} INFO - [2024-06-09T10:45:11.777+0000] {dag.py:3954} INFO - Setting next_dagrun for etl_t1 to 2024-06-09 00:00:00+00:00, run_after=2024-06-10 00:00:00+00:00
[2024-06-09T10:45:11.801+0000] {processor.py:183} INFO - Processing /opt/airflow/dags/Etl_Dag.py took 1.042 seconds
[2024-06-09T10:45:42.138+0000] {processor.py:161} INFO - Started process (PID=725) to work on /opt/airflow/dags/Etl_Dag.py
[2024-06-09T10:45:42.139+0000] {processor.py:830} INFO - Processing file /opt/airflow/dags/Etl_Dag.py for tasks to queue
[2024-06-09T10:45:42.141+0000] {logging_mixin.py:188} INFO - [2024-06-09T10:45:42.141+0000] {dagbag.py:545} INFO - Filling up the DagBag from /opt/airflow/dags/Etl_Dag.py
[2024-06-09T10:45:42.794+0000] {processor.py:840} INFO - DAG(s) 'etl_t1' retrieved from /opt/airflow/dags/Etl_Dag.py
[2024-06-09T10:45:42.823+0000] {logging_mixin.py:188} INFO - [2024-06-09T10:45:42.822+0000] {dag.py:3096} INFO - Sync 1 DAGs
[2024-06-09T10:45:42.852+0000] {logging_mixin.py:188} INFO - [2024-06-09T10:45:42.852+0000] {dag.py:3954} INFO - Setting next_dagrun for etl_t1 to 2024-06-09 00:00:00+00:00, run_after=2024-06-10 00:00:00+00:00
[2024-06-09T10:45:42.877+0000] {processor.py:183} INFO - Processing /opt/airflow/dags/Etl_Dag.py took 0.745 seconds
[2024-06-09T10:46:13.030+0000] {processor.py:161} INFO - Started process (PID=749) to work on /opt/airflow/dags/Etl_Dag.py
[2024-06-09T10:46:13.031+0000] {processor.py:830} INFO - Processing file /opt/airflow/dags/Etl_Dag.py for tasks to queue
[2024-06-09T10:46:13.034+0000] {logging_mixin.py:188} INFO - [2024-06-09T10:46:13.033+0000] {dagbag.py:545} INFO - Filling up the DagBag from /opt/airflow/dags/Etl_Dag.py
[2024-06-09T10:46:13.619+0000] {processor.py:840} INFO - DAG(s) 'etl_t1' retrieved from /opt/airflow/dags/Etl_Dag.py
[2024-06-09T10:46:13.647+0000] {logging_mixin.py:188} INFO - [2024-06-09T10:46:13.646+0000] {dag.py:3096} INFO - Sync 1 DAGs
[2024-06-09T10:46:13.670+0000] {logging_mixin.py:188} INFO - [2024-06-09T10:46:13.670+0000] {dag.py:3954} INFO - Setting next_dagrun for etl_t1 to 2024-06-09 00:00:00+00:00, run_after=2024-06-10 00:00:00+00:00
[2024-06-09T10:46:13.693+0000] {processor.py:183} INFO - Processing /opt/airflow/dags/Etl_Dag.py took 0.669 seconds
[2024-06-09T10:46:44.083+0000] {processor.py:161} INFO - Started process (PID=767) to work on /opt/airflow/dags/Etl_Dag.py
[2024-06-09T10:46:44.084+0000] {processor.py:830} INFO - Processing file /opt/airflow/dags/Etl_Dag.py for tasks to queue
[2024-06-09T10:46:44.086+0000] {logging_mixin.py:188} INFO - [2024-06-09T10:46:44.086+0000] {dagbag.py:545} INFO - Filling up the DagBag from /opt/airflow/dags/Etl_Dag.py
[2024-06-09T10:46:45.003+0000] {processor.py:840} INFO - DAG(s) 'etl_t1' retrieved from /opt/airflow/dags/Etl_Dag.py
[2024-06-09T10:46:45.057+0000] {logging_mixin.py:188} INFO - [2024-06-09T10:46:45.055+0000] {dag.py:3096} INFO - Sync 1 DAGs
[2024-06-09T10:46:45.137+0000] {logging_mixin.py:188} INFO - [2024-06-09T10:46:45.137+0000] {dag.py:3954} INFO - Setting next_dagrun for etl_t1 to 2024-06-09 00:00:00+00:00, run_after=2024-06-10 00:00:00+00:00
[2024-06-09T10:46:45.236+0000] {processor.py:183} INFO - Processing /opt/airflow/dags/Etl_Dag.py took 1.161 seconds
[2024-06-09T10:47:15.335+0000] {processor.py:161} INFO - Started process (PID=785) to work on /opt/airflow/dags/Etl_Dag.py
[2024-06-09T10:47:15.337+0000] {processor.py:830} INFO - Processing file /opt/airflow/dags/Etl_Dag.py for tasks to queue
[2024-06-09T10:47:15.339+0000] {logging_mixin.py:188} INFO - [2024-06-09T10:47:15.338+0000] {dagbag.py:545} INFO - Filling up the DagBag from /opt/airflow/dags/Etl_Dag.py
[2024-06-09T10:47:16.135+0000] {processor.py:840} INFO - DAG(s) 'etl_t1' retrieved from /opt/airflow/dags/Etl_Dag.py
[2024-06-09T10:47:16.174+0000] {logging_mixin.py:188} INFO - [2024-06-09T10:47:16.174+0000] {dag.py:3096} INFO - Sync 1 DAGs
[2024-06-09T10:47:16.203+0000] {logging_mixin.py:188} INFO - [2024-06-09T10:47:16.202+0000] {dag.py:3954} INFO - Setting next_dagrun for etl_t1 to 2024-06-09 00:00:00+00:00, run_after=2024-06-10 00:00:00+00:00
[2024-06-09T10:47:16.226+0000] {processor.py:183} INFO - Processing /opt/airflow/dags/Etl_Dag.py took 0.898 seconds
[2024-06-09T10:47:46.390+0000] {processor.py:161} INFO - Started process (PID=803) to work on /opt/airflow/dags/Etl_Dag.py
[2024-06-09T10:47:46.391+0000] {processor.py:830} INFO - Processing file /opt/airflow/dags/Etl_Dag.py for tasks to queue
[2024-06-09T10:47:46.393+0000] {logging_mixin.py:188} INFO - [2024-06-09T10:47:46.393+0000] {dagbag.py:545} INFO - Filling up the DagBag from /opt/airflow/dags/Etl_Dag.py
[2024-06-09T10:47:47.335+0000] {processor.py:840} INFO - DAG(s) 'etl_t1' retrieved from /opt/airflow/dags/Etl_Dag.py
[2024-06-09T10:47:47.436+0000] {logging_mixin.py:188} INFO - [2024-06-09T10:47:47.435+0000] {dag.py:3096} INFO - Sync 1 DAGs
[2024-06-09T10:47:47.513+0000] {logging_mixin.py:188} INFO - [2024-06-09T10:47:47.512+0000] {dag.py:3954} INFO - Setting next_dagrun for etl_t1 to 2024-06-09 00:00:00+00:00, run_after=2024-06-10 00:00:00+00:00
[2024-06-09T10:47:47.573+0000] {processor.py:183} INFO - Processing /opt/airflow/dags/Etl_Dag.py took 1.190 seconds
[2024-06-09T10:48:17.973+0000] {processor.py:161} INFO - Started process (PID=821) to work on /opt/airflow/dags/Etl_Dag.py
[2024-06-09T10:48:17.974+0000] {processor.py:830} INFO - Processing file /opt/airflow/dags/Etl_Dag.py for tasks to queue
[2024-06-09T10:48:17.977+0000] {logging_mixin.py:188} INFO - [2024-06-09T10:48:17.976+0000] {dagbag.py:545} INFO - Filling up the DagBag from /opt/airflow/dags/Etl_Dag.py
[2024-06-09T10:48:18.581+0000] {processor.py:840} INFO - DAG(s) 'etl_t1' retrieved from /opt/airflow/dags/Etl_Dag.py
[2024-06-09T10:48:18.608+0000] {logging_mixin.py:188} INFO - [2024-06-09T10:48:18.608+0000] {dag.py:3096} INFO - Sync 1 DAGs
[2024-06-09T10:48:18.631+0000] {logging_mixin.py:188} INFO - [2024-06-09T10:48:18.631+0000] {dag.py:3954} INFO - Setting next_dagrun for etl_t1 to 2024-06-09 00:00:00+00:00, run_after=2024-06-10 00:00:00+00:00
[2024-06-09T10:48:18.655+0000] {processor.py:183} INFO - Processing /opt/airflow/dags/Etl_Dag.py took 0.692 seconds
[2024-06-09T10:48:48.997+0000] {processor.py:161} INFO - Started process (PID=839) to work on /opt/airflow/dags/Etl_Dag.py
[2024-06-09T10:48:48.999+0000] {processor.py:830} INFO - Processing file /opt/airflow/dags/Etl_Dag.py for tasks to queue
[2024-06-09T10:48:49.001+0000] {logging_mixin.py:188} INFO - [2024-06-09T10:48:49.001+0000] {dagbag.py:545} INFO - Filling up the DagBag from /opt/airflow/dags/Etl_Dag.py
[2024-06-09T10:48:49.646+0000] {processor.py:840} INFO - DAG(s) 'etl_t1' retrieved from /opt/airflow/dags/Etl_Dag.py
[2024-06-09T10:48:49.672+0000] {logging_mixin.py:188} INFO - [2024-06-09T10:48:49.671+0000] {dag.py:3096} INFO - Sync 1 DAGs
[2024-06-09T10:48:49.697+0000] {logging_mixin.py:188} INFO - [2024-06-09T10:48:49.697+0000] {dag.py:3954} INFO - Setting next_dagrun for etl_t1 to 2024-06-09 00:00:00+00:00, run_after=2024-06-10 00:00:00+00:00
[2024-06-09T10:48:49.719+0000] {processor.py:183} INFO - Processing /opt/airflow/dags/Etl_Dag.py took 0.730 seconds
[2024-06-09T10:49:20.077+0000] {processor.py:161} INFO - Started process (PID=857) to work on /opt/airflow/dags/Etl_Dag.py
[2024-06-09T10:49:20.078+0000] {processor.py:830} INFO - Processing file /opt/airflow/dags/Etl_Dag.py for tasks to queue
[2024-06-09T10:49:20.080+0000] {logging_mixin.py:188} INFO - [2024-06-09T10:49:20.080+0000] {dagbag.py:545} INFO - Filling up the DagBag from /opt/airflow/dags/Etl_Dag.py
[2024-06-09T10:49:20.724+0000] {processor.py:840} INFO - DAG(s) 'etl_t1' retrieved from /opt/airflow/dags/Etl_Dag.py
[2024-06-09T10:49:20.751+0000] {logging_mixin.py:188} INFO - [2024-06-09T10:49:20.751+0000] {dag.py:3096} INFO - Sync 1 DAGs
[2024-06-09T10:49:20.775+0000] {logging_mixin.py:188} INFO - [2024-06-09T10:49:20.774+0000] {dag.py:3954} INFO - Setting next_dagrun for etl_t1 to 2024-06-09 00:00:00+00:00, run_after=2024-06-10 00:00:00+00:00
[2024-06-09T10:49:20.798+0000] {processor.py:183} INFO - Processing /opt/airflow/dags/Etl_Dag.py took 0.730 seconds
[2024-06-09T10:49:51.107+0000] {processor.py:161} INFO - Started process (PID=875) to work on /opt/airflow/dags/Etl_Dag.py
[2024-06-09T10:49:51.108+0000] {processor.py:830} INFO - Processing file /opt/airflow/dags/Etl_Dag.py for tasks to queue
[2024-06-09T10:49:51.110+0000] {logging_mixin.py:188} INFO - [2024-06-09T10:49:51.110+0000] {dagbag.py:545} INFO - Filling up the DagBag from /opt/airflow/dags/Etl_Dag.py
[2024-06-09T10:49:51.757+0000] {processor.py:840} INFO - DAG(s) 'etl_t1' retrieved from /opt/airflow/dags/Etl_Dag.py
[2024-06-09T10:49:51.789+0000] {logging_mixin.py:188} INFO - [2024-06-09T10:49:51.788+0000] {dag.py:3096} INFO - Sync 1 DAGs
[2024-06-09T10:49:51.818+0000] {logging_mixin.py:188} INFO - [2024-06-09T10:49:51.818+0000] {dag.py:3954} INFO - Setting next_dagrun for etl_t1 to 2024-06-09 00:00:00+00:00, run_after=2024-06-10 00:00:00+00:00
[2024-06-09T10:49:51.843+0000] {processor.py:183} INFO - Processing /opt/airflow/dags/Etl_Dag.py took 0.744 seconds
[2024-06-09T10:50:22.010+0000] {processor.py:161} INFO - Started process (PID=892) to work on /opt/airflow/dags/Etl_Dag.py
[2024-06-09T10:50:22.011+0000] {processor.py:830} INFO - Processing file /opt/airflow/dags/Etl_Dag.py for tasks to queue
[2024-06-09T10:50:22.013+0000] {logging_mixin.py:188} INFO - [2024-06-09T10:50:22.013+0000] {dagbag.py:545} INFO - Filling up the DagBag from /opt/airflow/dags/Etl_Dag.py
[2024-06-09T10:50:22.579+0000] {processor.py:840} INFO - DAG(s) 'etl_t1' retrieved from /opt/airflow/dags/Etl_Dag.py
[2024-06-09T10:50:22.609+0000] {logging_mixin.py:188} INFO - [2024-06-09T10:50:22.609+0000] {dag.py:3096} INFO - Sync 1 DAGs
[2024-06-09T10:50:22.640+0000] {logging_mixin.py:188} INFO - [2024-06-09T10:50:22.640+0000] {dag.py:3954} INFO - Setting next_dagrun for etl_t1 to 2024-06-09 00:00:00+00:00, run_after=2024-06-10 00:00:00+00:00
[2024-06-09T10:50:22.664+0000] {processor.py:183} INFO - Processing /opt/airflow/dags/Etl_Dag.py took 0.662 seconds
[2024-06-09T10:50:53.137+0000] {processor.py:161} INFO - Started process (PID=928) to work on /opt/airflow/dags/Etl_Dag.py
[2024-06-09T10:50:53.138+0000] {processor.py:830} INFO - Processing file /opt/airflow/dags/Etl_Dag.py for tasks to queue
[2024-06-09T10:50:53.154+0000] {logging_mixin.py:188} INFO - [2024-06-09T10:50:53.153+0000] {dagbag.py:545} INFO - Filling up the DagBag from /opt/airflow/dags/Etl_Dag.py
[2024-06-09T10:50:54.940+0000] {processor.py:840} INFO - DAG(s) 'etl_t1' retrieved from /opt/airflow/dags/Etl_Dag.py
[2024-06-09T10:50:55.164+0000] {logging_mixin.py:188} INFO - [2024-06-09T10:50:55.161+0000] {dag.py:3096} INFO - Sync 1 DAGs
[2024-06-09T10:50:55.251+0000] {logging_mixin.py:188} INFO - [2024-06-09T10:50:55.251+0000] {dag.py:3954} INFO - Setting next_dagrun for etl_t1 to 2024-06-09 00:00:00+00:00, run_after=2024-06-10 00:00:00+00:00
[2024-06-09T10:50:55.317+0000] {processor.py:183} INFO - Processing /opt/airflow/dags/Etl_Dag.py took 2.202 seconds
[2024-06-09T10:51:25.480+0000] {processor.py:161} INFO - Started process (PID=953) to work on /opt/airflow/dags/Etl_Dag.py
[2024-06-09T10:51:25.481+0000] {processor.py:830} INFO - Processing file /opt/airflow/dags/Etl_Dag.py for tasks to queue
[2024-06-09T10:51:25.485+0000] {logging_mixin.py:188} INFO - [2024-06-09T10:51:25.484+0000] {dagbag.py:545} INFO - Filling up the DagBag from /opt/airflow/dags/Etl_Dag.py
[2024-06-09T10:51:26.158+0000] {processor.py:840} INFO - DAG(s) 'etl_t1' retrieved from /opt/airflow/dags/Etl_Dag.py
[2024-06-09T10:51:26.187+0000] {logging_mixin.py:188} INFO - [2024-06-09T10:51:26.186+0000] {dag.py:3096} INFO - Sync 1 DAGs
[2024-06-09T10:51:26.215+0000] {logging_mixin.py:188} INFO - [2024-06-09T10:51:26.215+0000] {dag.py:3954} INFO - Setting next_dagrun for etl_t1 to 2024-06-09 00:00:00+00:00, run_after=2024-06-10 00:00:00+00:00
[2024-06-09T10:51:26.241+0000] {processor.py:183} INFO - Processing /opt/airflow/dags/Etl_Dag.py took 0.769 seconds
[2024-06-09T10:51:56.552+0000] {processor.py:161} INFO - Started process (PID=971) to work on /opt/airflow/dags/Etl_Dag.py
[2024-06-09T10:51:56.553+0000] {processor.py:830} INFO - Processing file /opt/airflow/dags/Etl_Dag.py for tasks to queue
[2024-06-09T10:51:56.555+0000] {logging_mixin.py:188} INFO - [2024-06-09T10:51:56.555+0000] {dagbag.py:545} INFO - Filling up the DagBag from /opt/airflow/dags/Etl_Dag.py
[2024-06-09T10:51:57.447+0000] {processor.py:840} INFO - DAG(s) 'etl_t1' retrieved from /opt/airflow/dags/Etl_Dag.py
[2024-06-09T10:51:57.486+0000] {logging_mixin.py:188} INFO - [2024-06-09T10:51:57.485+0000] {dag.py:3096} INFO - Sync 1 DAGs
[2024-06-09T10:51:57.513+0000] {logging_mixin.py:188} INFO - [2024-06-09T10:51:57.513+0000] {dag.py:3954} INFO - Setting next_dagrun for etl_t1 to 2024-06-09 00:00:00+00:00, run_after=2024-06-10 00:00:00+00:00
[2024-06-09T10:51:57.549+0000] {processor.py:183} INFO - Processing /opt/airflow/dags/Etl_Dag.py took 1.005 seconds
[2024-06-09T10:52:27.894+0000] {processor.py:161} INFO - Started process (PID=989) to work on /opt/airflow/dags/Etl_Dag.py
[2024-06-09T10:52:27.896+0000] {processor.py:830} INFO - Processing file /opt/airflow/dags/Etl_Dag.py for tasks to queue
[2024-06-09T10:52:27.899+0000] {logging_mixin.py:188} INFO - [2024-06-09T10:52:27.898+0000] {dagbag.py:545} INFO - Filling up the DagBag from /opt/airflow/dags/Etl_Dag.py
[2024-06-09T10:52:28.622+0000] {processor.py:840} INFO - DAG(s) 'etl_t1' retrieved from /opt/airflow/dags/Etl_Dag.py
[2024-06-09T10:52:28.652+0000] {logging_mixin.py:188} INFO - [2024-06-09T10:52:28.651+0000] {dag.py:3096} INFO - Sync 1 DAGs
[2024-06-09T10:52:28.682+0000] {logging_mixin.py:188} INFO - [2024-06-09T10:52:28.682+0000] {dag.py:3954} INFO - Setting next_dagrun for etl_t1 to 2024-06-09 00:00:00+00:00, run_after=2024-06-10 00:00:00+00:00
[2024-06-09T10:52:28.710+0000] {processor.py:183} INFO - Processing /opt/airflow/dags/Etl_Dag.py took 0.826 seconds
[2024-06-09T10:52:59.032+0000] {processor.py:161} INFO - Started process (PID=1007) to work on /opt/airflow/dags/Etl_Dag.py
[2024-06-09T10:52:59.033+0000] {processor.py:830} INFO - Processing file /opt/airflow/dags/Etl_Dag.py for tasks to queue
[2024-06-09T10:52:59.035+0000] {logging_mixin.py:188} INFO - [2024-06-09T10:52:59.035+0000] {dagbag.py:545} INFO - Filling up the DagBag from /opt/airflow/dags/Etl_Dag.py
[2024-06-09T10:52:59.712+0000] {processor.py:840} INFO - DAG(s) 'etl_t1' retrieved from /opt/airflow/dags/Etl_Dag.py
[2024-06-09T10:52:59.740+0000] {logging_mixin.py:188} INFO - [2024-06-09T10:52:59.740+0000] {dag.py:3096} INFO - Sync 1 DAGs
[2024-06-09T10:52:59.765+0000] {logging_mixin.py:188} INFO - [2024-06-09T10:52:59.765+0000] {dag.py:3954} INFO - Setting next_dagrun for etl_t1 to 2024-06-09 00:00:00+00:00, run_after=2024-06-10 00:00:00+00:00
[2024-06-09T10:52:59.790+0000] {processor.py:183} INFO - Processing /opt/airflow/dags/Etl_Dag.py took 0.768 seconds
[2024-06-09T10:53:30.018+0000] {processor.py:161} INFO - Started process (PID=1025) to work on /opt/airflow/dags/Etl_Dag.py
[2024-06-09T10:53:30.020+0000] {processor.py:830} INFO - Processing file /opt/airflow/dags/Etl_Dag.py for tasks to queue
[2024-06-09T10:53:30.023+0000] {logging_mixin.py:188} INFO - [2024-06-09T10:53:30.022+0000] {dagbag.py:545} INFO - Filling up the DagBag from /opt/airflow/dags/Etl_Dag.py
[2024-06-09T10:53:30.743+0000] {processor.py:840} INFO - DAG(s) 'etl_t1' retrieved from /opt/airflow/dags/Etl_Dag.py
[2024-06-09T10:53:30.775+0000] {logging_mixin.py:188} INFO - [2024-06-09T10:53:30.774+0000] {dag.py:3096} INFO - Sync 1 DAGs
[2024-06-09T10:53:30.799+0000] {logging_mixin.py:188} INFO - [2024-06-09T10:53:30.798+0000] {dag.py:3954} INFO - Setting next_dagrun for etl_t1 to 2024-06-09 00:00:00+00:00, run_after=2024-06-10 00:00:00+00:00
[2024-06-09T10:53:30.821+0000] {processor.py:183} INFO - Processing /opt/airflow/dags/Etl_Dag.py took 0.811 seconds
[2024-06-09T10:54:00.918+0000] {processor.py:161} INFO - Started process (PID=1043) to work on /opt/airflow/dags/Etl_Dag.py
[2024-06-09T10:54:00.920+0000] {processor.py:830} INFO - Processing file /opt/airflow/dags/Etl_Dag.py for tasks to queue
[2024-06-09T10:54:00.922+0000] {logging_mixin.py:188} INFO - [2024-06-09T10:54:00.922+0000] {dagbag.py:545} INFO - Filling up the DagBag from /opt/airflow/dags/Etl_Dag.py
[2024-06-09T10:54:01.517+0000] {processor.py:840} INFO - DAG(s) 'etl_t1' retrieved from /opt/airflow/dags/Etl_Dag.py
[2024-06-09T10:54:01.544+0000] {logging_mixin.py:188} INFO - [2024-06-09T10:54:01.543+0000] {dag.py:3096} INFO - Sync 1 DAGs
[2024-06-09T10:54:01.571+0000] {logging_mixin.py:188} INFO - [2024-06-09T10:54:01.571+0000] {dag.py:3954} INFO - Setting next_dagrun for etl_t1 to 2024-06-09 00:00:00+00:00, run_after=2024-06-10 00:00:00+00:00
[2024-06-09T10:54:01.599+0000] {processor.py:183} INFO - Processing /opt/airflow/dags/Etl_Dag.py took 0.687 seconds
[2024-06-09T10:54:31.983+0000] {processor.py:161} INFO - Started process (PID=1061) to work on /opt/airflow/dags/Etl_Dag.py
[2024-06-09T10:54:31.984+0000] {processor.py:830} INFO - Processing file /opt/airflow/dags/Etl_Dag.py for tasks to queue
[2024-06-09T10:54:31.986+0000] {logging_mixin.py:188} INFO - [2024-06-09T10:54:31.986+0000] {dagbag.py:545} INFO - Filling up the DagBag from /opt/airflow/dags/Etl_Dag.py
[2024-06-09T10:54:32.583+0000] {processor.py:840} INFO - DAG(s) 'etl_t1' retrieved from /opt/airflow/dags/Etl_Dag.py
[2024-06-09T10:54:32.611+0000] {logging_mixin.py:188} INFO - [2024-06-09T10:54:32.610+0000] {dag.py:3096} INFO - Sync 1 DAGs
[2024-06-09T10:54:32.639+0000] {logging_mixin.py:188} INFO - [2024-06-09T10:54:32.639+0000] {dag.py:3954} INFO - Setting next_dagrun for etl_t1 to 2024-06-09 00:00:00+00:00, run_after=2024-06-10 00:00:00+00:00
[2024-06-09T10:54:32.677+0000] {processor.py:183} INFO - Processing /opt/airflow/dags/Etl_Dag.py took 0.701 seconds
[2024-06-09T10:55:02.769+0000] {processor.py:161} INFO - Started process (PID=1079) to work on /opt/airflow/dags/Etl_Dag.py
[2024-06-09T10:55:02.771+0000] {processor.py:830} INFO - Processing file /opt/airflow/dags/Etl_Dag.py for tasks to queue
[2024-06-09T10:55:02.774+0000] {logging_mixin.py:188} INFO - [2024-06-09T10:55:02.773+0000] {dagbag.py:545} INFO - Filling up the DagBag from /opt/airflow/dags/Etl_Dag.py
[2024-06-09T10:55:03.413+0000] {processor.py:840} INFO - DAG(s) 'etl_t1' retrieved from /opt/airflow/dags/Etl_Dag.py
[2024-06-09T10:55:03.440+0000] {logging_mixin.py:188} INFO - [2024-06-09T10:55:03.440+0000] {dag.py:3096} INFO - Sync 1 DAGs
[2024-06-09T10:55:03.467+0000] {logging_mixin.py:188} INFO - [2024-06-09T10:55:03.467+0000] {dag.py:3954} INFO - Setting next_dagrun for etl_t1 to 2024-06-09 00:00:00+00:00, run_after=2024-06-10 00:00:00+00:00
[2024-06-09T10:55:03.492+0000] {processor.py:183} INFO - Processing /opt/airflow/dags/Etl_Dag.py took 0.732 seconds
[2024-06-09T10:55:33.771+0000] {processor.py:161} INFO - Started process (PID=1097) to work on /opt/airflow/dags/Etl_Dag.py
[2024-06-09T10:55:33.774+0000] {processor.py:830} INFO - Processing file /opt/airflow/dags/Etl_Dag.py for tasks to queue
[2024-06-09T10:55:33.786+0000] {logging_mixin.py:188} INFO - [2024-06-09T10:55:33.785+0000] {dagbag.py:545} INFO - Filling up the DagBag from /opt/airflow/dags/Etl_Dag.py
[2024-06-09T10:55:34.518+0000] {processor.py:840} INFO - DAG(s) 'etl_t1' retrieved from /opt/airflow/dags/Etl_Dag.py
[2024-06-09T10:55:34.546+0000] {logging_mixin.py:188} INFO - [2024-06-09T10:55:34.545+0000] {dag.py:3096} INFO - Sync 1 DAGs
[2024-06-09T10:55:34.570+0000] {logging_mixin.py:188} INFO - [2024-06-09T10:55:34.570+0000] {dag.py:3954} INFO - Setting next_dagrun for etl_t1 to 2024-06-09 00:00:00+00:00, run_after=2024-06-10 00:00:00+00:00
[2024-06-09T10:55:34.594+0000] {processor.py:183} INFO - Processing /opt/airflow/dags/Etl_Dag.py took 0.844 seconds
[2024-06-09T10:56:05.376+0000] {processor.py:161} INFO - Started process (PID=1115) to work on /opt/airflow/dags/Etl_Dag.py
[2024-06-09T10:56:05.378+0000] {processor.py:830} INFO - Processing file /opt/airflow/dags/Etl_Dag.py for tasks to queue
[2024-06-09T10:56:05.380+0000] {logging_mixin.py:188} INFO - [2024-06-09T10:56:05.379+0000] {dagbag.py:545} INFO - Filling up the DagBag from /opt/airflow/dags/Etl_Dag.py
[2024-06-09T10:56:06.034+0000] {processor.py:840} INFO - DAG(s) 'etl_t1' retrieved from /opt/airflow/dags/Etl_Dag.py
[2024-06-09T10:56:06.063+0000] {logging_mixin.py:188} INFO - [2024-06-09T10:56:06.063+0000] {dag.py:3096} INFO - Sync 1 DAGs
[2024-06-09T10:56:06.092+0000] {logging_mixin.py:188} INFO - [2024-06-09T10:56:06.092+0000] {dag.py:3954} INFO - Setting next_dagrun for etl_t1 to 2024-06-09 00:00:00+00:00, run_after=2024-06-10 00:00:00+00:00
[2024-06-09T10:56:06.122+0000] {processor.py:183} INFO - Processing /opt/airflow/dags/Etl_Dag.py took 0.756 seconds
[2024-06-09T10:56:36.502+0000] {processor.py:161} INFO - Started process (PID=1133) to work on /opt/airflow/dags/Etl_Dag.py
[2024-06-09T10:56:36.504+0000] {processor.py:830} INFO - Processing file /opt/airflow/dags/Etl_Dag.py for tasks to queue
[2024-06-09T10:56:36.506+0000] {logging_mixin.py:188} INFO - [2024-06-09T10:56:36.506+0000] {dagbag.py:545} INFO - Filling up the DagBag from /opt/airflow/dags/Etl_Dag.py
[2024-06-09T10:56:37.133+0000] {processor.py:840} INFO - DAG(s) 'etl_t1' retrieved from /opt/airflow/dags/Etl_Dag.py
[2024-06-09T10:56:37.180+0000] {logging_mixin.py:188} INFO - [2024-06-09T10:56:37.178+0000] {dag.py:3096} INFO - Sync 1 DAGs
[2024-06-09T10:56:37.216+0000] {logging_mixin.py:188} INFO - [2024-06-09T10:56:37.216+0000] {dag.py:3954} INFO - Setting next_dagrun for etl_t1 to 2024-06-09 00:00:00+00:00, run_after=2024-06-10 00:00:00+00:00
[2024-06-09T10:56:37.240+0000] {processor.py:183} INFO - Processing /opt/airflow/dags/Etl_Dag.py took 0.745 seconds
[2024-06-09T10:57:07.716+0000] {processor.py:161} INFO - Started process (PID=1151) to work on /opt/airflow/dags/Etl_Dag.py
[2024-06-09T10:57:07.717+0000] {processor.py:830} INFO - Processing file /opt/airflow/dags/Etl_Dag.py for tasks to queue
[2024-06-09T10:57:07.722+0000] {logging_mixin.py:188} INFO - [2024-06-09T10:57:07.721+0000] {dagbag.py:545} INFO - Filling up the DagBag from /opt/airflow/dags/Etl_Dag.py
[2024-06-09T10:57:08.628+0000] {processor.py:840} INFO - DAG(s) 'etl_t1' retrieved from /opt/airflow/dags/Etl_Dag.py
[2024-06-09T10:57:08.656+0000] {logging_mixin.py:188} INFO - [2024-06-09T10:57:08.655+0000] {dag.py:3096} INFO - Sync 1 DAGs
[2024-06-09T10:57:08.685+0000] {logging_mixin.py:188} INFO - [2024-06-09T10:57:08.685+0000] {dag.py:3954} INFO - Setting next_dagrun for etl_t1 to 2024-06-09 00:00:00+00:00, run_after=2024-06-10 00:00:00+00:00
[2024-06-09T10:57:08.713+0000] {processor.py:183} INFO - Processing /opt/airflow/dags/Etl_Dag.py took 1.010 seconds
[2024-06-09T10:57:39.063+0000] {processor.py:161} INFO - Started process (PID=1169) to work on /opt/airflow/dags/Etl_Dag.py
[2024-06-09T10:57:39.064+0000] {processor.py:830} INFO - Processing file /opt/airflow/dags/Etl_Dag.py for tasks to queue
[2024-06-09T10:57:39.066+0000] {logging_mixin.py:188} INFO - [2024-06-09T10:57:39.066+0000] {dagbag.py:545} INFO - Filling up the DagBag from /opt/airflow/dags/Etl_Dag.py
[2024-06-09T10:57:39.651+0000] {processor.py:840} INFO - DAG(s) 'etl_t1' retrieved from /opt/airflow/dags/Etl_Dag.py
[2024-06-09T10:57:39.681+0000] {logging_mixin.py:188} INFO - [2024-06-09T10:57:39.681+0000] {dag.py:3096} INFO - Sync 1 DAGs
[2024-06-09T10:57:39.711+0000] {logging_mixin.py:188} INFO - [2024-06-09T10:57:39.710+0000] {dag.py:3954} INFO - Setting next_dagrun for etl_t1 to 2024-06-09 00:00:00+00:00, run_after=2024-06-10 00:00:00+00:00
[2024-06-09T10:57:39.736+0000] {processor.py:183} INFO - Processing /opt/airflow/dags/Etl_Dag.py took 0.684 seconds
[2024-06-09T10:58:10.099+0000] {processor.py:161} INFO - Started process (PID=1187) to work on /opt/airflow/dags/Etl_Dag.py
[2024-06-09T10:58:10.101+0000] {processor.py:830} INFO - Processing file /opt/airflow/dags/Etl_Dag.py for tasks to queue
[2024-06-09T10:58:10.106+0000] {logging_mixin.py:188} INFO - [2024-06-09T10:58:10.105+0000] {dagbag.py:545} INFO - Filling up the DagBag from /opt/airflow/dags/Etl_Dag.py
[2024-06-09T10:58:10.899+0000] {processor.py:840} INFO - DAG(s) 'etl_t1' retrieved from /opt/airflow/dags/Etl_Dag.py
[2024-06-09T10:58:10.937+0000] {logging_mixin.py:188} INFO - [2024-06-09T10:58:10.936+0000] {dag.py:3096} INFO - Sync 1 DAGs
[2024-06-09T10:58:10.966+0000] {logging_mixin.py:188} INFO - [2024-06-09T10:58:10.966+0000] {dag.py:3954} INFO - Setting next_dagrun for etl_t1 to 2024-06-09 00:00:00+00:00, run_after=2024-06-10 00:00:00+00:00
[2024-06-09T10:58:10.989+0000] {processor.py:183} INFO - Processing /opt/airflow/dags/Etl_Dag.py took 0.902 seconds
[2024-06-09T10:58:41.617+0000] {processor.py:161} INFO - Started process (PID=1205) to work on /opt/airflow/dags/Etl_Dag.py
[2024-06-09T10:58:41.631+0000] {processor.py:830} INFO - Processing file /opt/airflow/dags/Etl_Dag.py for tasks to queue
[2024-06-09T10:58:41.641+0000] {logging_mixin.py:188} INFO - [2024-06-09T10:58:41.640+0000] {dagbag.py:545} INFO - Filling up the DagBag from /opt/airflow/dags/Etl_Dag.py
[2024-06-09T10:58:43.299+0000] {processor.py:840} INFO - DAG(s) 'etl_t1' retrieved from /opt/airflow/dags/Etl_Dag.py
[2024-06-09T10:58:43.329+0000] {logging_mixin.py:188} INFO - [2024-06-09T10:58:43.328+0000] {dag.py:3096} INFO - Sync 1 DAGs
[2024-06-09T10:58:43.355+0000] {logging_mixin.py:188} INFO - [2024-06-09T10:58:43.354+0000] {dag.py:3954} INFO - Setting next_dagrun for etl_t1 to 2024-06-09 00:00:00+00:00, run_after=2024-06-10 00:00:00+00:00
[2024-06-09T10:58:43.381+0000] {processor.py:183} INFO - Processing /opt/airflow/dags/Etl_Dag.py took 1.785 seconds
[2024-06-09T10:59:14.060+0000] {processor.py:161} INFO - Started process (PID=1229) to work on /opt/airflow/dags/Etl_Dag.py
[2024-06-09T10:59:14.062+0000] {processor.py:830} INFO - Processing file /opt/airflow/dags/Etl_Dag.py for tasks to queue
[2024-06-09T10:59:14.064+0000] {logging_mixin.py:188} INFO - [2024-06-09T10:59:14.063+0000] {dagbag.py:545} INFO - Filling up the DagBag from /opt/airflow/dags/Etl_Dag.py
[2024-06-09T10:59:14.675+0000] {processor.py:840} INFO - DAG(s) 'etl_t1' retrieved from /opt/airflow/dags/Etl_Dag.py
[2024-06-09T10:59:14.703+0000] {logging_mixin.py:188} INFO - [2024-06-09T10:59:14.702+0000] {dag.py:3096} INFO - Sync 1 DAGs
[2024-06-09T10:59:14.734+0000] {logging_mixin.py:188} INFO - [2024-06-09T10:59:14.734+0000] {dag.py:3954} INFO - Setting next_dagrun for etl_t1 to 2024-06-09 00:00:00+00:00, run_after=2024-06-10 00:00:00+00:00
[2024-06-09T10:59:14.762+0000] {processor.py:183} INFO - Processing /opt/airflow/dags/Etl_Dag.py took 0.709 seconds
[2024-06-09T10:59:45.484+0000] {processor.py:161} INFO - Started process (PID=1248) to work on /opt/airflow/dags/Etl_Dag.py
[2024-06-09T10:59:45.487+0000] {processor.py:830} INFO - Processing file /opt/airflow/dags/Etl_Dag.py for tasks to queue
[2024-06-09T10:59:45.490+0000] {logging_mixin.py:188} INFO - [2024-06-09T10:59:45.490+0000] {dagbag.py:545} INFO - Filling up the DagBag from /opt/airflow/dags/Etl_Dag.py
[2024-06-09T10:59:46.209+0000] {processor.py:840} INFO - DAG(s) 'etl_t1' retrieved from /opt/airflow/dags/Etl_Dag.py
[2024-06-09T10:59:46.241+0000] {logging_mixin.py:188} INFO - [2024-06-09T10:59:46.241+0000] {dag.py:3096} INFO - Sync 1 DAGs
[2024-06-09T10:59:46.266+0000] {logging_mixin.py:188} INFO - [2024-06-09T10:59:46.266+0000] {dag.py:3954} INFO - Setting next_dagrun for etl_t1 to 2024-06-09 00:00:00+00:00, run_after=2024-06-10 00:00:00+00:00
[2024-06-09T10:59:46.298+0000] {processor.py:183} INFO - Processing /opt/airflow/dags/Etl_Dag.py took 0.828 seconds
